Untiy3d/why/build/outputs/logs/manifest-merger-debug-report.txt
-- Merging decision tree log ---
manifest
ADDED from src\main\AndroidManifest.xml:2:1-59:12
INJECTED from src\main\AndroidManifest.xml:2:1-59:12
INJECTED from src\main\AndroidManifest.xml:2:1-59:12
INJECTED from src\main\AndroidManifest.xml:2:1-59:12
INJECTED from src\main\AndroidManifest.xml:2:1-59:12
INJECTED from src\main\AndroidManifest.xml:2:1-59:12
INJECTED from src\main\AndroidManifest.xml:2:1-59:12
	package
		ADDED from src\main\AndroidManifest.xml:4:5-31
		INJECTED from src\main\AndroidManifest.xml
		INJECTED from src\main\AndroidManifest.xml
	android:versionName
		INJECTED from src\main\AndroidManifest.xml
		ADDED from src\main\AndroidManifest.xml:2:1-59:12
		INJECTED from src\main\AndroidManifest.xml
	xmlns:tools
		ADDED from src\main\AndroidManifest.xml:3:5-51
	android:versionCode
		INJECTED from src\main\AndroidManifest.xml
		ADDED from src\main\AndroidManifest.xml:2:1-59:12
		INJECTED from src\main\AndroidManifest.xml
	xmlns:android
		ADDED from src\main\AndroidManifest.xml:2:11-69
	android:installLocation
		ADDED from src\main\AndroidManifest.xml:5:5-45
supports-screens
ADDED from src\main\AndroidManifest.xml:7:5-12:40
	android:largeScreens
		ADDED from src\main\AndroidManifest.xml:9:9-36
	android:smallScreens
		ADDED from src\main\AndroidManifest.xml:11:9-36
	android:normalScreens
		ADDED from src\main\AndroidManifest.xml:10:9-37
	android:xlargeScreens
		ADDED from src\main\AndroidManifest.xml:12:9-37
	android:anyDensity
		ADDED from src\main\AndroidManifest.xml:8:9-34
application
ADDED from src\main\AndroidManifest.xml:13:5-46:19
	android:label
		ADDED from src\main\AndroidManifest.xml:17:9-41
	android:icon
		ADDED from src\main\AndroidManifest.xml:15:9-40
	android:banner
		ADDED from src\main\AndroidManifest.xml:14:9-46
	android:theme
		ADDED from src\main\AndroidManifest.xml:18:9-50
	android:isGame
		ADDED from src\main\AndroidManifest.xml:16:9-30
activity#com.Mic.uandroid.UnityPlayerActivity
ADDED from src\main\AndroidManifest.xml:19:9-35:20
	android:screenOrientation
		ADDED from src\main\AndroidManifest.xml:26:13-51
	android:process
		ADDED from src\main\AndroidManifest.xml:25:13-39
	android:label
		ADDED from src\main\AndroidManifest.xml:23:13-45
	android:launchMode
		ADDED from src\main\AndroidManifest.xml:24:13-44
	android:hardwareAccelerated
		ADDED from src\main\AndroidManifest.xml:22:13-48
	android:configChanges
		ADDED from src\main\AndroidManifest.xml:21:13-194
	android:name
		ADDED from src\main\AndroidManifest.xml:20:13-64
meta-data#unityplayer.UnityActivity
ADDED from src\main\AndroidManifest.xml:32:13-34:40
	android:value
		ADDED from src\main\AndroidManifest.xml:34:17-37
	android:name
		ADDED from src\main\AndroidManifest.xml:33:17-57
meta-data#unity.build-id
ADDED from src\main\AndroidManifest.xml:37:9-39:68
	android:value
		ADDED from src\main\AndroidManifest.xml:39:13-65
	android:name
		ADDED from src\main\AndroidManifest.xml:38:13-42
meta-data#unity.splash-mode
ADDED from src\main\AndroidManifest.xml:40:9-42:33
	android:value
		ADDED from src\main\AndroidManifest.xml:42:13-30
	android:name
		ADDED from src\main\AndroidManifest.xml:41:13-45
meta-data#unity.splash-enable
ADDED from src\main\AndroidManifest.xml:43:9-45:36
	android:value
		ADDED from src\main\AndroidManifest.xml:45:13-33
	android:name
		ADDED from src\main\AndroidManifest.xml:44:13-47
uses-feature#0x00020000
ADDED from src\main\AndroidManifest.xml:47:5-54
	android:glEsVersion
		ADDED from src\main\AndroidManifest.xml:47:19-51
uses-permission#android.permission.INTERNET
ADDED from src\main\AndroidManifest.xml:48:5-67
	android:name
		ADDED from src\main\AndroidManifest.xml:48:22-64
uses-feature#android.hardware.touchscreen
ADDED from src\main\AndroidManifest.xml:50:5-52:36
	android:required
		ADDED from src\main\AndroidManifest.xml:52:9-33
	android:name
		ADDED from src\main\AndroidManifest.xml:51:9-52
uses-feature#android.hardware.touchscreen.multitouch
ADDED from src\main\AndroidManifest.xml:53:5-55:36
	android:required
		ADDED from src\main\AndroidManifest.xml:55:9-33
	android:name
		ADDED from src\main\AndroidManifest.xml:54:9-63
uses-feature#android.hardware.touchscreen.multitouch.distinct
ADDED from src\main\AndroidManifest.xml:56:5-58:36
	android:required
		ADDED from src\main\AndroidManifest.xml:58:9-33
	android:name
		ADDED from src\main\AndroidManifest.xml:57:9-72
uses-sdk
INJECTED from src\main\AndroidManifest.xml reason: use-sdk injection requested
INJECTED from src\main\AndroidManifest.xml
INJECTED from src\main\AndroidManifest.xml
INJECTED from src\main\AndroidManifest.xml
INJECTED from src\main\AndroidManifest.xml
	android:targetSdkVersion
		INJECTED from src\main\AndroidManifest.xml
		ADDED from src\main\AndroidManifest.xml
		INJECTED from src\main\AndroidManifest.xml
	android:minSdkVersion
		INJECTED from src\main\AndroidManifest.xml
		ADDED from src\main\AndroidManifest.xml
		INJECTED from src\main\AndroidManifest.xml